<?xml version="1.0" encoding="UTF-8"?>
<testsuites name="reqres Test Suites" time="6" tests="6" failures="0" errors="0">
   <testsuite name="reqres Test Suites" tests="6" failures="0" errors="0" time="6" timestamp="2018-11-22 19:51:58" hostname="kayiyo - localhost" id="Test Suites/reqres/reqres Test Suites">
      <properties>
         <property name="deviceName" value=""/>
         <property name="devicePlatform" value=""/>
         <property name="logFolder" value="/Users/kayiyo/git/KatalonGitApi/Reports/reqres/reqres Test Suites/20181122_195155"/>
         <property name="logFiles" value="/Users/kayiyo/git/KatalonGitApi/Reports/reqres/reqres Test Suites/20181122_195155/execution0.log"/>
         <property name="attachments" value=""/>
         <property name="hostName" value="kayiyo - localhost"/>
         <property name="hostAddress" value="127.0.0.1"/>
         <property name="os" value="Mac OS X 64bit"/>
         <property name="katalonVersion" value="5.8.6.1"/>
      </properties>
      <testcase name="Test Cases/reqres Test Cases/SINGLE USER" classname="Test Cases/reqres Test Cases/SINGLE USER" status="PASSED">
         <system-out><![CDATA[2018-11-22 19:51:58 - [TEST_CASE][PASSED] - Test Cases/reqres Test Cases/SINGLE USER: Test Cases/reqres Test Cases/SINGLE USER

2018-11-22 19:51:58 - [TEST_STEP][PASSED] - Statement - response = com.kms.katalon.core.webservice.keyword.WSBuiltInKeywords.sendRequest(com.kms.katalon.core.testobject.ObjectRepository.findTestObject(reqres/SINGLE USER)): Send request successfully

2018-11-22 19:51:59 - [MESSAGE][PASSED] - Send request successfully

2018-11-22 19:51:59 - [TEST_STEP][PASSED] - verifyResponseStatusCode: Verify response status code successfully

2018-11-22 19:51:59 - [MESSAGE][PASSED] - Verify response status code successfully]]></system-out>
         <system-err><![CDATA[]]></system-err>
      </testcase>
      <testcase name="Test Cases/reqres Test Cases/LIST USERS" classname="Test Cases/reqres Test Cases/LIST USERS" status="PASSED">
         <system-out><![CDATA[2018-11-22 19:51:59 - [TEST_CASE][PASSED] - Test Cases/reqres Test Cases/LIST USERS: Test Cases/reqres Test Cases/LIST USERS

2018-11-22 19:52:00 - [TEST_STEP][PASSED] - Statement - response = com.kms.katalon.core.webservice.keyword.WSBuiltInKeywords.sendRequest(com.kms.katalon.core.testobject.ObjectRepository.findTestObject(reqres/LIST USERS, [url:internal.GlobalVariable.url])): Send request successfully

2018-11-22 19:52:00 - [MESSAGE][PASSED] - Send request successfully

2018-11-22 19:52:00 - [TEST_STEP][PASSED] - verifyResponseStatusCode: Verify response status code successfully

2018-11-22 19:52:00 - [MESSAGE][PASSED] - Verify response status code successfully

2018-11-22 19:52:00 - [TEST_STEP][PASSED] - verifyElementPropertyValue: Verify element property value successfully

2018-11-22 19:52:00 - [MESSAGE][PASSED] - Verify element property value successfully

2018-11-22 19:52:00 - [TEST_STEP][PASSED] - verifyElementPropertyValue: Verify element property value successfully

2018-11-22 19:52:00 - [MESSAGE][PASSED] - Verify element property value successfully]]></system-out>
         <system-err><![CDATA[]]></system-err>
      </testcase>
      <testcase name="Test Cases/reqres Test Cases/SINGLE RESOURCE" classname="Test Cases/reqres Test Cases/SINGLE RESOURCE" status="PASSED">
         <system-out><![CDATA[2018-11-22 19:52:00 - [TEST_CASE][PASSED] - Test Cases/reqres Test Cases/SINGLE RESOURCE: Test Cases/reqres Test Cases/SINGLE RESOURCE

2018-11-22 19:52:00 - [TEST_STEP][PASSED] - Statement - response = com.kms.katalon.core.webservice.keyword.WSBuiltInKeywords.sendRequest(com.kms.katalon.core.testobject.ObjectRepository.findTestObject(reqres/SINGLE RESOURCE, [url:internal.GlobalVariable.url])): Send request successfully

2018-11-22 19:52:01 - [MESSAGE][PASSED] - Send request successfully

2018-11-22 19:52:01 - [TEST_STEP][PASSED] - verifyResponseStatusCode: Verify response status code successfully

2018-11-22 19:52:01 - [MESSAGE][PASSED] - Verify response status code successfully]]></system-out>
         <system-err><![CDATA[]]></system-err>
      </testcase>
      <testcase name="Test Cases/reqres Test Cases/SINGLE USER NOT FOUND" classname="Test Cases/reqres Test Cases/SINGLE USER NOT FOUND" status="PASSED">
         <system-out><![CDATA[2018-11-22 19:52:01 - [TEST_CASE][PASSED] - Test Cases/reqres Test Cases/SINGLE USER NOT FOUND: Test Cases/reqres Test Cases/SINGLE USER NOT FOUND

2018-11-22 19:52:01 - [TEST_STEP][PASSED] - Statement - response = com.kms.katalon.core.webservice.keyword.WSBuiltInKeywords.sendRequest(com.kms.katalon.core.testobject.ObjectRepository.findTestObject(reqres/SINGLE USER NOT FOUND)): Send request successfully

2018-11-22 19:52:02 - [MESSAGE][PASSED] - Send request successfully]]></system-out>
         <system-err><![CDATA[]]></system-err>
      </testcase>
      <testcase name="Test Cases/reqres Test Cases/LIST RESOURCE" classname="Test Cases/reqres Test Cases/LIST RESOURCE" status="PASSED">
         <system-out><![CDATA[2018-11-22 19:52:02 - [TEST_CASE][PASSED] - Test Cases/reqres Test Cases/LIST RESOURCE: Test Cases/reqres Test Cases/LIST RESOURCE

2018-11-22 19:52:02 - [TEST_STEP][PASSED] - Statement - response = com.kms.katalon.core.webservice.keyword.WSBuiltInKeywords.sendRequest(com.kms.katalon.core.testobject.ObjectRepository.findTestObject(reqres/LIST RESOURCE)): Send request successfully

2018-11-22 19:52:03 - [MESSAGE][PASSED] - Send request successfully

2018-11-22 19:52:03 - [TEST_STEP][PASSED] - verifyResponseStatusCode: Verify response status code successfully

2018-11-22 19:52:03 - [MESSAGE][PASSED] - Verify response status code successfully]]></system-out>
         <system-err><![CDATA[]]></system-err>
      </testcase>
      <testcase name="Test Cases/reqres Test Cases/CREATE" classname="Test Cases/reqres Test Cases/CREATE" status="PASSED">
         <system-out><![CDATA[2018-11-22 19:52:03 - [TEST_CASE][PASSED] - Test Cases/reqres Test Cases/CREATE: Test Cases/reqres Test Cases/CREATE

2018-11-22 19:52:03 - [TEST_STEP][PASSED] - Statement - response = com.kms.katalon.core.webservice.keyword.WSBuiltInKeywords.sendRequest(com.kms.katalon.core.testobject.ObjectRepository.findTestObject(reqres/CREATE)): Send request successfully

2018-11-22 19:52:04 - [MESSAGE][PASSED] - Send request successfully

2018-11-22 19:52:04 - [TEST_STEP][PASSED] - verifyResponseStatusCode: Verify response status code successfully

2018-11-22 19:52:04 - [MESSAGE][PASSED] - Verify response status code successfully]]></system-out>
         <system-err><![CDATA[]]></system-err>
      </testcase>
      <system-out><![CDATA[2018-11-22 19:51:58 - [TEST_SUITE][PASSED] - reqres Test Suites: Test Cases/reqres Test Cases/CREATE]]></system-out>
      <system-err><![CDATA[]]></system-err>
   </testsuite>
</testsuites>
